2021-01-31 12:17:17,642 - main.mod.submod - DEBUG - 开始绘制，当前绘制类型：
2021-01-31 12:17:18,798 - main.mod.submod - DEBUG - 开始绘制，当前绘制类型：
2021-01-31 12:17:21,297 - main.mod.submod - DEBUG - 生成模板成功。元件名称：part_4
2021-01-31 12:19:38,958 - main.mod.submod - DEBUG - 选择一般元件绘制
2021-01-31 12:20:45,596 - main.mod.submod - DEBUG - 开始绘制，当前绘制类型：component
2021-01-31 12:20:47,414 - main.mod.submod - DEBUG - 开始绘制，当前绘制类型：component
2021-01-31 12:20:47,566 - main.mod.submod - DEBUG - component, 绘制完成
2021-01-31 12:20:50,369 - main.mod.submod - DEBUG - 点击编辑元件按钮
2021-01-31 12:20:50,400 - main.mod.submod - DEBUG - 初始化元件参数成功，当前元件名称：part_5, 类型：component
2021-01-31 12:20:51,137 - main.mod.submod - DEBUG - 开始绘制，当前绘制类型：
2021-01-31 12:20:51,485 - main.mod.submod - DEBUG - 开始绘制，当前绘制类型：
2021-01-31 12:20:52,659 - main.mod.submod - DEBUG - 开始绘制，当前绘制类型：
2021-01-31 12:20:57,014 - main.mod.submod - DEBUG - 生成模板成功。元件名称：part_5
2021-01-31 12:20:59,872 - main.mod.submod - DEBUG - 点击编辑元件按钮
2021-01-31 12:20:59,905 - main.mod.submod - DEBUG - 加载元件模板图片
2021-01-31 12:20:59,909 - main.mod.submod - DEBUG - 初始化元件参数成功，当前元件名称：part_5, 类型：component
2021-01-31 12:21:03,575 - main.mod.submod - DEBUG - 开始绘制，当前绘制类型：
2021-01-31 12:21:05,598 - main.mod.submod - DEBUG - 生成模板成功。元件名称：part_5
2021-02-01 09:59:41,783 - main.mod.submod - DEBUG - 打开程式成功，目录：E:/XSKJ180301/wrong_leak_anti/src/P/pcb_demo
2021-02-01 09:59:41,830 - main.mod.submod - DEBUG - 加载templates数据
2021-02-01 09:59:41,830 - main.mod.submod - DEBUG - 加载part数据
2021-02-01 09:59:41,830 - main.mod.submod - DEBUG - 加载part数据
2021-02-01 09:59:41,830 - main.mod.submod - DEBUG - 加载part数据
2021-02-01 09:59:41,830 - main.mod.submod - DEBUG - 加载part数据
2021-02-01 09:59:41,830 - main.mod.submod - DEBUG - 加载part数据
2021-02-01 09:59:41,830 - main.mod.submod - DEBUG - 加载part数据
2021-02-01 09:59:41,830 - main.mod.submod - DEBUG - 加载part数据
2021-02-01 09:59:41,830 - main.mod.submod - DEBUG - 加载part数据
2021-02-01 09:59:41,830 - main.mod.submod - DEBUG - 加载part数据
2021-02-01 09:59:41,830 - main.mod.submod - DEBUG - 加载part数据
2021-02-01 09:59:41,830 - main.mod.submod - DEBUG - 加载part数据
2021-02-01 09:59:41,830 - main.mod.submod - DEBUG - 加载part数据
2021-02-01 09:59:41,830 - main.mod.submod - DEBUG - 加载part数据
2021-02-01 09:59:41,830 - main.mod.submod - DEBUG - 加载part数据
2021-02-01 09:59:41,830 - main.mod.submod - DEBUG - 加载part数据
2021-02-01 09:59:41,830 - main.mod.submod - DEBUG - 加载part数据
2021-02-01 09:59:41,830 - main.mod.submod - DEBUG - 加载part数据
2021-02-01 09:59:41,830 - main.mod.submod - DEBUG - 加载part数据
2021-02-01 09:59:41,830 - main.mod.submod - DEBUG - 加载part数据
2021-02-01 09:59:42,786 - main.mod.submod - DEBUG - 加载PCB版图片成功，并显示
2021-02-01 09:59:42,817 - main.mod.submod - DEBUG - 绘制模板标注数据成功，并显示
2021-02-01 09:59:42,857 - main.mod.submod - DEBUG - 绘制part标注数据成功，并显示
2021-02-01 09:59:48,640 - main.mod.submod - DEBUG - 选择一般元件绘制
2021-02-01 09:59:53,099 - main.mod.submod - DEBUG - 开始绘制，当前绘制类型：component
2021-02-01 09:59:54,314 - main.mod.submod - DEBUG - 点击编辑元件按钮
2021-02-01 09:59:54,894 - main.mod.submod - DEBUG - 加载元件模板图片
2021-02-01 09:59:54,894 - main.mod.submod - DEBUG - 元件颜色为白色
2021-02-01 09:59:55,361 - main.mod.submod - DEBUG - 创建模板界面，调整颜色阈值为：60
2021-02-01 09:59:55,363 - main.mod.submod - DEBUG - 初始化元件参数成功，当前元件名称：part_2, 类型：slot
2021-02-01 11:47:05,849 - main.mod.submod - DEBUG - 选择一般元件绘制
2021-02-01 11:47:06,733 - main.mod.submod - DEBUG - 开始绘制，当前绘制类型：component
2021-02-01 11:47:07,622 - main.mod.submod - DEBUG - 开始绘制，当前绘制类型：component
2021-02-01 11:47:07,679 - main.mod.submod - DEBUG - component, 绘制完成
2021-02-01 11:47:08,748 - main.mod.submod - DEBUG - 点击编辑元件按钮
2021-02-01 11:47:08,949 - main.mod.submod - DEBUG - 初始化元件参数成功，当前元件名称：part_20, 类型：component
2021-02-01 11:47:10,204 - main.mod.submod - DEBUG - 开始绘制，当前绘制类型：
2021-02-01 11:47:12,252 - main.mod.submod - DEBUG - 开始绘制，当前绘制类型：
2021-02-01 11:47:15,080 - main.mod.submod - DEBUG - 生成模板成功。元件名称：part_20
2021-02-01 14:28:36,203 - main.mod.submod - DEBUG - 开始绘制，当前绘制类型：component
2021-02-01 14:28:38,447 - main.mod.submod - DEBUG - 选择一般元件绘制
2021-02-01 14:28:39,865 - main.mod.submod - DEBUG - 开始绘制，当前绘制类型：component
2021-02-01 14:28:41,567 - main.mod.submod - DEBUG - 开始绘制，当前绘制类型：component
2021-02-01 14:28:41,697 - main.mod.submod - DEBUG - component, 绘制完成
2021-02-01 14:28:41,712 - main.mod.submod - DEBUG - 修改part图片大小，元件名称:part_21
2021-02-01 14:28:43,158 - main.mod.submod - DEBUG - 开始绘制，当前绘制类型：component
2021-02-01 14:28:43,939 - main.mod.submod - DEBUG - 修改part图片大小，元件名称:part_21
2021-02-01 14:28:44,990 - main.mod.submod - DEBUG - 点击编辑元件按钮
2021-02-01 14:28:46,248 - main.mod.submod - DEBUG - 初始化元件参数成功，当前元件名称：part_21, 类型：component
2021-02-01 14:28:47,572 - main.mod.submod - DEBUG - 开始绘制，当前绘制类型：
2021-02-01 14:28:48,907 - main.mod.submod - DEBUG - 开始绘制，当前绘制类型：
2021-02-01 14:28:52,714 - main.mod.submod - DEBUG - 生成模板成功。元件名称：part_21
2021-02-01 14:29:18,185 - main.mod.submod - DEBUG - 开始绘制，当前绘制类型：component
2021-02-01 14:29:19,256 - main.mod.submod - DEBUG - 修改part图片大小，元件名称:part_18
2021-02-01 14:29:20,016 - main.mod.submod - DEBUG - 开始绘制，当前绘制类型：component
2021-02-01 14:29:21,361 - main.mod.submod - DEBUG - 修改part图片大小，元件名称:part_18
2021-02-01 14:29:23,617 - main.mod.submod - DEBUG - 选择一般元件绘制
2021-02-01 14:29:24,382 - main.mod.submod - DEBUG - 开始绘制，当前绘制类型：component
2021-02-01 14:29:25,483 - main.mod.submod - DEBUG - 开始绘制，当前绘制类型：component
2021-02-01 14:29:25,483 - main.mod.submod - DEBUG - component, 绘制完成
2021-02-01 14:29:25,620 - main.mod.submod - DEBUG - 修改part图片大小，元件名称:part_22
2021-02-01 14:29:27,265 - main.mod.submod - DEBUG - 开始绘制，当前绘制类型：component
2021-02-01 14:29:28,751 - main.mod.submod - DEBUG - 修改part图片大小，元件名称:part_22
2021-02-01 14:29:29,724 - main.mod.submod - DEBUG - 点击编辑元件按钮
2021-02-01 14:29:29,761 - main.mod.submod - DEBUG - 初始化元件参数成功，当前元件名称：part_22, 类型：component
2021-02-01 14:29:30,804 - main.mod.submod - DEBUG - 开始绘制，当前绘制类型：
2021-02-01 14:29:32,276 - main.mod.submod - DEBUG - 开始绘制，当前绘制类型：
2021-02-01 14:29:38,910 - main.mod.submod - DEBUG - 开始绘制，当前绘制类型：
2021-02-01 14:29:41,893 - main.mod.submod - DEBUG - 开始绘制，当前绘制类型：
2021-02-01 14:29:45,395 - main.mod.submod - DEBUG - 开始绘制，当前绘制类型：
2021-02-01 14:29:48,401 - main.mod.submod - DEBUG - 生成模板成功。元件名称：part_22
2021-02-01 14:29:51,518 - main.mod.submod - DEBUG - 选择一般元件绘制
2021-02-01 14:29:52,752 - main.mod.submod - DEBUG - 开始绘制，当前绘制类型：component
2021-02-01 14:29:54,144 - main.mod.submod - DEBUG - 开始绘制，当前绘制类型：component
2021-02-01 14:29:54,144 - main.mod.submod - DEBUG - component, 绘制完成
2021-02-01 14:29:55,001 - main.mod.submod - DEBUG - 点击编辑元件按钮
2021-02-01 14:29:55,037 - main.mod.submod - DEBUG - 初始化元件参数成功，当前元件名称：part_23, 类型：component
2021-02-01 14:29:55,858 - main.mod.submod - DEBUG - 开始绘制，当前绘制类型：
2021-02-01 14:29:57,666 - main.mod.submod - DEBUG - 开始绘制，当前绘制类型：
2021-02-01 14:30:01,458 - main.mod.submod - DEBUG - 开始绘制，当前绘制类型：
2021-02-01 14:30:03,704 - main.mod.submod - DEBUG - 开始绘制，当前绘制类型：
2021-02-01 14:30:06,772 - main.mod.submod - DEBUG - 生成模板成功。元件名称：part_23
